<?xml version="1.0" encoding="UTF-8"?>
<!-- Generated by org.testng.reporters.JUnitXMLReporter -->
<testsuite ignored="0" hostname="LAPTOP-7FRJBO5L" failures="0" tests="3" name="Default test" time="30.515" errors="0" timestamp="2022-07-04T08:55:44 IST">
  <testcase classname="com.testng.DataProvider" name="automationShop" time="11.112"/>
  <testcase classname="com.testng.DataProvider" name="automationShop" time="10.632"/>
  <testcase classname="com.testng.DataProvider" name="automationShop" time="8.7"/>
</testsuite> <!-- Default test -->
