<?xml version="1.0" encoding="UTF-8"?>
<testng-results ignored="0" total="3" passed="3" failed="0" skipped="0">
  <reporter-output>
  </reporter-output>
  <suite started-at="2022-07-04T08:55:13 IST" name="Default suite" finished-at="2022-07-04T08:55:44 IST" duration-ms="30515">
    <groups>
    </groups>
    <test started-at="2022-07-04T08:55:13 IST" name="Default test" finished-at="2022-07-04T08:55:44 IST" duration-ms="30515">
      <class name="com.testng.DataProvider">
        <test-method signature="automationShop(java.lang.String,java.lang.String)[pri:0, instance:com.testng.DataProvider@27ff5d15]" started-at="2022-07-04T08:55:13 IST" name="automationShop" data-provider="loginData" finished-at="2022-07-04T08:55:24 IST" duration-ms="11112" status="PASS">
          <params>
            <param index="0">
              <value>
                <![CDATA[root]]>
              </value>
            </param>
            <param index="1">
              <value>
                <![CDATA[root123]]>
              </value>
            </param>
          </params>
          <reporter-output>
          </reporter-output>
        </test-method> <!-- automationShop -->
        <test-method signature="automationShop(java.lang.String,java.lang.String)[pri:0, instance:com.testng.DataProvider@27ff5d15]" started-at="2022-07-04T08:55:24 IST" name="automationShop" data-provider="loginData" finished-at="2022-07-04T08:55:35 IST" duration-ms="10632" status="PASS">
          <params>
            <param index="0">
              <value>
                <![CDATA[admin]]>
              </value>
            </param>
            <param index="1">
              <value>
                <![CDATA[admin123]]>
              </value>
            </param>
          </params>
          <reporter-output>
          </reporter-output>
        </test-method> <!-- automationShop -->
        <test-method signature="automationShop(java.lang.String,java.lang.String)[pri:0, instance:com.testng.DataProvider@27ff5d15]" started-at="2022-07-04T08:55:35 IST" name="automationShop" data-provider="loginData" finished-at="2022-07-04T08:55:44 IST" duration-ms="8700" status="PASS">
          <params>
            <param index="0">
              <value>
                <![CDATA[sa]]>
              </value>
            </param>
            <param index="1">
              <value>
                <![CDATA[sa123]]>
              </value>
            </param>
          </params>
          <reporter-output>
          </reporter-output>
        </test-method> <!-- automationShop -->
      </class> <!-- com.testng.DataProvider -->
    </test> <!-- Default test -->
  </suite> <!-- Default suite -->
</testng-results>
